-------------
18 April 2023
11:54 AM to 2:08 PM
    code.gs
        + Bug fix all date formate
-------------
18 April 2023
1:13 AM to 1:22 AM
    code.gs
        - Remove var bill_date_day. 
        - Remove var submitting_date_day.
        + fix bill date
        + fix submitting date

    code gs html code
        - Remove bill date day
        - remove submitting date day
-------------
18 April 2023
1:07 AM
code.gs
    + fix all date function

-------------
17 April 2023
11:35 pm to 12:10 AM
Code gs html code 
    + add all data config to data

code.gs
    + add all data val add.
    
---------------------